android/app/build/outputs/logs/manifest-merger-release-report.txt
-- Merging decision tree log ---
manifest
ADDED from src\main\AndroidManifest.xml:1:1-67:12
INJECTED from src\main\AndroidManifest.xml:1:1-67:12
INJECTED from src\main\AndroidManifest.xml:1:1-67:12
INJECTED from src\main\AndroidManifest.xml:1:1-67:12
MERGED from [:firebase_database] AndroidManifest.xml:2:1-15:12
MERGED from [:firebase_messaging] AndroidManifest.xml:2:1-48:12
MERGED from [:cloud_firestore] AndroidManifest.xml:2:1-15:12
MERGED from [:firebase_auth] AndroidManifest.xml:2:1-15:12
MERGED from [:firebase_storage] AndroidManifest.xml:2:1-15:12
MERGED from [:firebase_core] AndroidManifest.xml:2:1-15:12
MERGED from [:agora_uikit] AndroidManifest.xml:2:1-7:12
MERGED from [:agora_rtm] AndroidManifest.xml:2:1-11:12
MERGED from [:zego_zim] AndroidManifest.xml:2:1-7:12
MERGED from [:geolocator_android] AndroidManifest.xml:2:1-17:12
MERGED from [:image_picker] AndroidManifest.xml:2:1-19:12
MERGED from [:path_provider_android] AndroidManifest.xml:2:1-7:12
MERGED from [:wakelock] AndroidManifest.xml:2:1-7:12
MERGED from [:shared_preferences_android] AndroidManifest.xml:2:1-7:12
MERGED from [:flutter_webrtc] AndroidManifest.xml:2:1-7:12
MERGED from [:zego_zpns] AndroidManifest.xml:2:1-20:12
MERGED from [:geocoding] AndroidManifest.xml:2:1-7:12
MERGED from [:agora_rtc_engine] AndroidManifest.xml:2:1-21:12
MERGED from [:fluttertoast] AndroidManifest.xml:2:1-7:12
MERGED from [:flutter_logs] AndroidManifest.xml:2:1-7:12
MERGED from [:native_device_orientation] AndroidManifest.xml:2:1-7:12
MERGED from [:flutter_plugin_android_lifecycle] AndroidManifest.xml:2:1-7:12
MERGED from [:flutter_vibrate] AndroidManifest.xml:2:1-11:12
MERGED from [:awesome_notifications] AndroidManifest.xml:2:1-50:12
MERGED from [:audioplayers_android] AndroidManifest.xml:2:1-9:12
MERGED from [:sqflite] AndroidManifest.xml:2:1-7:12
MERGED from [:url_launcher_android] AndroidManifest.xml:2:1-14:12
MERGED from [:iris_event] AndroidManifest.xml:2:1-7:12
MERGED from [:connectivity_plus] AndroidManifest.xml:2:1-9:12
MERGED from [:webview_flutter_android] AndroidManifest.xml:2:1-7:12
MERGED from [:permission_handler_android] AndroidManifest.xml:2:1-7:12
MERGED from [:flutter_localization] AndroidManifest.xml:2:1-7:12
MERGED from [:google_sign_in] AndroidManifest.xml:2:1-9:12
MERGED from [:zego_express_engine] AndroidManifest.xml:2:1-28:12
MERGED from [androidx.multidex:multidex:2.0.1] AndroidManifest.xml:17:1-22:12
MERGED from [com.google.firebase:firebase-iid:21.1.0] AndroidManifest.xml:17:1-38:12
MERGED from [com.google.firebase:firebase-auth:21.1.0] AndroidManifest.xml:17:1-73:12
MERGED from [com.google.firebase:firebase-firestore:24.4.3] AndroidManifest.xml:2:1-25:12
MERGED from [com.google.firebase:firebase-messaging:23.1.1] AndroidManifest.xml:17:1-61:12
MERGED from [com.google.firebase:firebase-storage:20.1.0] AndroidManifest.xml:15:1-38:12
MERGED from [com.google.firebase:firebase-database:20.1.0] AndroidManifest.xml:15:1-37:12
MERGED from [com.google.firebase:firebase-installations:17.1.2] AndroidManifest.xml:2:1-23:12
MERGED from [com.google.firebase:firebase-auth-interop:20.0.0] AndroidManifest.xml:2:1-10:12
MERGED from [com.google.firebase:firebase-appcheck-interop:16.1.0] AndroidManifest.xml:15:1-25:12
MERGED from [com.google.firebase:firebase-datatransport:18.1.7] AndroidManifest.xml:15:1-33:12
MERGED from [com.google.firebase:firebase-common:20.3.0] AndroidManifest.xml:15:1-39:12
MERGED from [androidx.exifinterface:exifinterface:1.3.0] AndroidManifest.xml:17:1-24:12
MERGED from [com.github.davidliu:audioswitch:c498d866c57f1d88056d5e7e7a78d622e3b0c046] AndroidManifest.xml:2:1-14:12
MERGED from [com.github.umair13adil:RxLogs:1.0.18] AndroidManifest.xml:2:1-21:12
MERGED from [me.carda:androidcore:0.7.7] AndroidManifest.xml:2:1-18:12
MERGED from [androidx.appcompat:appcompat-resources:1.5.1] AndroidManifest.xml:17:1-22:12
MERGED from [androidx.appcompat:appcompat:1.5.1] AndroidManifest.xml:17:1-22:12
MERGED from [androidx.webkit:webkit:1.0.0] AndroidManifest.xml:17:1-22:12
MERGED from [androidx.window:window-java:1.0.0-beta04] AndroidManifest.xml:17:1-23:12
MERGED from [com.google.android.gms:play-services-location:20.0.0] AndroidManifest.xml:2:1-9:12
MERGED from [com.google.android.gms:play-services-auth:20.0.1] AndroidManifest.xml:17:1-40:12
MERGED from [com.google.android.gms:play-services-auth-api-phone:18.0.1] AndroidManifest.xml:2:1-7:12
MERGED from [com.google.android.gms:play-services-auth-base:18.0.1] AndroidManifest.xml:2:1-7:12
MERGED from [com.google.android.gms:play-services-safetynet:17.0.0] AndroidManifest.xml:17:1-24:12
MERGED from [com.google.firebase:firebase-database-collection:18.0.1] AndroidManifest.xml:2:1-9:12
MERGED from [com.google.android.gms:play-services-base:18.0.1] AndroidManifest.xml:16:1-24:12
MERGED from [androidx.work:work-runtime-ktx:2.7.1] AndroidManifest.xml:17:1-24:12
MERGED from [androidx.work:work-rxjava2:2.7.1] AndroidManifest.xml:17:1-24:12
MERGED from [androidx.work:work-runtime:2.7.1] AndroidManifest.xml:17:1-145:12
MERGED from [com.google.android.gms:play-services-stats:17.0.2] AndroidManifest.xml:2:1-9:12
MERGED from [androidx.legacy:legacy-support-core-utils:1.0.0] AndroidManifest.xml:17:1-22:12
MERGED from [androidx.media:media:1.6.0] AndroidManifest.xml:17:1-24:12
MERGED from [com.google.firebase:firebase-iid-interop:17.1.0] AndroidManifest.xml:2:1-10:12
MERGED from [com.google.android.gms:play-services-cloud-messaging:17.0.1] AndroidManifest.xml:2:1-13:12
MERGED from [com.google.firebase:firebase-measurement-connector:19.0.0] AndroidManifest.xml:17:1-25:12
MERGED from [com.google.firebase:firebase-installations-interop:17.1.0] AndroidManifest.xml:15:1-22:12
MERGED from [com.google.android.gms:play-services-tasks:18.0.2] AndroidManifest.xml:2:1-6:12
MERGED from [com.google.android.gms:play-services-basement:18.1.0] AndroidManifest.xml:16:1-26:12
MERGED from [androidx.fragment:fragment:1.3.6] AndroidManifest.xml:17:1-24:12
MERGED from [androidx.loader:loader:1.0.0] AndroidManifest.xml:17:1-22:12
MERGED from [androidx.browser:browser:1.4.0] AndroidManifest.xml:17:1-24:12
MERGED from [androidx.window:window:1.0.0-beta04] AndroidManifest.xml:17:1-33:12
MERGED from [androidx.activity:activity:1.5.1] AndroidManifest.xml:17:1-24:12
MERGED from [androidx.drawerlayout:drawerlayout:1.0.0] AndroidManifest.xml:17:1-22:12
MERGED from [androidx.emoji2:emoji2-views-helper:1.2.0] AndroidManifest.xml:2:1-7:12
MERGED from [androidx.emoji2:emoji2:1.2.0] AndroidManifest.xml:17:1-35:12
MERGED from [androidx.viewpager:viewpager:1.0.0] AndroidManifest.xml:17:1-22:12
MERGED from [androidx.vectordrawable:vectordrawable-animated:1.1.0] AndroidManifest.xml:17:1-24:12
MERGED from [androidx.vectordrawable:vectordrawable:1.1.0] AndroidManifest.xml:17:1-24:12
MERGED from [androidx.customview:customview:1.0.0] AndroidManifest.xml:17:1-22:12
MERGED from [androidx.core:core:1.9.0] AndroidManifest.xml:17:1-30:12
MERGED from [androidx.lifecycle:lifecycle-viewmodel:2.5.1] AndroidManifest.xml:17:1-24:12
MERGED from [androidx.lifecycle:lifecycle-viewmodel-savedstate:2.5.1] AndroidManifest.xml:17:1-24:12
MERGED from [androidx.core:core-ktx:1.9.0] AndroidManifest.xml:2:1-7:12
MERGED from [androidx.localbroadcastmanager:localbroadcastmanager:1.1.0] AndroidManifest.xml:17:1-24:12
MERGED from [androidx.lifecycle:lifecycle-process:2.5.1] AndroidManifest.xml:17:1-37:12
MERGED from [androidx.startup:startup-runtime:1.1.1] AndroidManifest.xml:17:1-33:12
MERGED from [androidx.tracing:tracing:1.0.0] AndroidManifest.xml:17:1-24:12
MERGED from [androidx.lifecycle:lifecycle-service:2.5.1] AndroidManifest.xml:17:1-24:12
MERGED from [androidx.lifecycle:lifecycle-reactivestreams:2.5.1] AndroidManifest.xml:17:1-24:12
MERGED from [androidx.lifecycle:lifecycle-runtime:2.5.1] AndroidManifest.xml:17:1-24:12
MERGED from [androidx.savedstate:savedstate:1.2.0] AndroidManifest.xml:17:1-24:12
MERGED from [androidx.lifecycle:lifecycle-livedata:2.5.1] AndroidManifest.xml:17:1-24:12
MERGED from [androidx.lifecycle:lifecycle-livedata-core:2.5.1] AndroidManifest.xml:17:1-24:12
MERGED from [com.google.android.datatransport:transport-backend-cct:3.1.8] AndroidManifest.xml:15:1-37:12
MERGED from [com.google.android.datatransport:transport-runtime:3.1.8] AndroidManifest.xml:15:1-41:12
MERGED from [com.google.android.datatransport:transport-api:3.0.0] AndroidManifest.xml:15:1-22:12
MERGED from [com.google.firebase:firebase-encoders-json:18.0.0] AndroidManifest.xml:15:1-23:12
MERGED from [com.google.firebase:firebase-components:17.1.0] AndroidManifest.xml:15:1-22:12
MERGED from [androidx.versionedparcelable:versionedparcelable:1.1.1] AndroidManifest.xml:17:1-27:12
MERGED from [androidx.cursoradapter:cursoradapter:1.0.0] AndroidManifest.xml:17:1-22:12
MERGED from [androidx.room:room-runtime:2.2.5] AndroidManifest.xml:17:1-31:12
MERGED from [androidx.sqlite:sqlite-framework:2.1.0] AndroidManifest.xml:17:1-24:12
MERGED from [androidx.sqlite:sqlite:2.1.0] AndroidManifest.xml:17:1-24:12
MERGED from [androidx.documentfile:documentfile:1.0.0] AndroidManifest.xml:17:1-22:12
MERGED from [androidx.print:print:1.0.0] AndroidManifest.xml:17:1-22:12
MERGED from [androidx.arch.core:core-runtime:2.1.0] AndroidManifest.xml:17:1-24:12
MERGED from [androidx.interpolator:interpolator:1.0.0] AndroidManifest.xml:17:1-22:12
MERGED from [io.agora.rtm:rtm-sdk:1.5.3] AndroidManifest.xml:2:1-11:12
MERGED from [com.github.zegolibrary:zim:2.6.0] AndroidManifest.xml:2:1-11:12
MERGED from [io.grpc:grpc-android:1.50.2] AndroidManifest.xml:2:1-11:12
MERGED from [com.github.webrtc-sdk:android:104.5112.06] AndroidManifest.xml:11:1-14:12
MERGED from [im.zego:zpns:2.2.0] AndroidManifest.xml:2:1-144:12
MERGED from [io.agora.rtc:iris-rtc:4.1.0-rc.2] AndroidManifest.xml:2:1-11:12
MERGED from [io.agora.rtc:full-sdk:4.1.0-1] AndroidManifest.xml:2:1-11:12
MERGED from [io.agora.rtc:full-screen-sharing:4.1.0-1] AndroidManifest.xml:2:1-20:12
MERGED from [io.reactivex.rxjava2:rxandroid:2.1.1] AndroidManifest.xml:15:1-20:12
MERGED from [io.agora.rtc:iris-event-flutter:2.0.0] AndroidManifest.xml:2:1-11:12
MERGED from [im.zego:express-video:3.2.1] AndroidManifest.xml:2:1-8:12
MERGED from [androidx.annotation:annotation-experimental:1.3.0] AndroidManifest.xml:17:1-22:12
MERGED from [me.leolin:ShortcutBadger:1.1.22] AndroidManifest.xml:2:1-52:12
MERGED from [com.google.firebase:protolite-well-known-types:18.0.0] AndroidManifest.xml:2:1-11:12
INJECTED from src\main\AndroidManifest.xml:1:1-67:12
INJECTED from src\main\AndroidManifest.xml:1:1-67:12
INJECTED from src\main\AndroidManifest.xml:1:1-67:12
	package
		ADDED from src\main\AndroidManifest.xml:2:5-46
		INJECTED from src\main\AndroidManifest.xml
		INJECTED from src\main\AndroidManifest.xml
	android:versionName
		INJECTED from src\main\AndroidManifest.xml
		ADDED from src\main\AndroidManifest.xml:1:1-67:12
		INJECTED from src\main\AndroidManifest.xml
	android:versionCode
		INJECTED from src\main\AndroidManifest.xml
		ADDED from src\main\AndroidManifest.xml:1:1-67:12
		INJECTED from src\main\AndroidManifest.xml
	xmlns:android
		ADDED from src\main\AndroidManifest.xml:1:11-69
uses-permission#android.permission.ACCESS_FINE_LOCATION
ADDED from src\main\AndroidManifest.xml:5:5-79
	android:name
		ADDED from src\main\AndroidManifest.xml:5:22-76
uses-permission#android.permission.ACCESS_COARSE_LOCATION
ADDED from src\main\AndroidManifest.xml:6:5-81
	android:name
		ADDED from src\main\AndroidManifest.xml:6:22-78
uses-permission#android.permission.ACCESS_BACKGROUND_LOCATION
ADDED from src\main\AndroidManifest.xml:7:5-85
	android:name
		ADDED from src\main\AndroidManifest.xml:7:22-82
uses-permission#android.permission.ACCESS_WIFI_STATE
ADDED from src\main\AndroidManifest.xml:8:5-76
MERGED from [:agora_rtc_engine] AndroidManifest.xml:15:5-76
MERGED from [:agora_rtc_engine] AndroidManifest.xml:15:5-76
MERGED from [im.zego:zpns:2.2.0] AndroidManifest.xml:12:5-76
MERGED from [im.zego:zpns:2.2.0] AndroidManifest.xml:12:5-76
	android:name
		ADDED from src\main\AndroidManifest.xml:8:22-73
uses-permission#android.permission.RECORD_AUDIO
ADDED from src\main\AndroidManifest.xml:9:5-71
MERGED from [:agora_rtc_engine] AndroidManifest.xml:10:5-71
MERGED from [:agora_rtc_engine] AndroidManifest.xml:10:5-71
	android:name
		ADDED from src\main\AndroidManifest.xml:9:22-68
uses-permission#android.permission.INTERNET
ADDED from src\main\AndroidManifest.xml:10:5-67
MERGED from [:firebase_messaging] AndroidManifest.xml:7:5-67
MERGED from [:firebase_messaging] AndroidManifest.xml:7:5-67
MERGED from [:agora_rtm] AndroidManifest.xml:7:5-67
MERGED from [:agora_rtm] AndroidManifest.xml:7:5-67
MERGED from [:agora_rtc_engine] AndroidManifest.xml:9:5-67
MERGED from [:agora_rtc_engine] AndroidManifest.xml:9:5-67
MERGED from [:google_sign_in] AndroidManifest.xml:7:5-67
MERGED from [:google_sign_in] AndroidManifest.xml:7:5-67
MERGED from [com.google.firebase:firebase-iid:21.1.0] AndroidManifest.xml:23:5-67
MERGED from [com.google.firebase:firebase-iid:21.1.0] AndroidManifest.xml:23:5-67
MERGED from [com.google.firebase:firebase-auth:21.1.0] AndroidManifest.xml:23:5-67
MERGED from [com.google.firebase:firebase-auth:21.1.0] AndroidManifest.xml:23:5-67
MERGED from [com.google.firebase:firebase-firestore:24.4.3] AndroidManifest.xml:13:5-67
MERGED from [com.google.firebase:firebase-firestore:24.4.3] AndroidManifest.xml:13:5-67
MERGED from [com.google.firebase:firebase-storage:20.1.0] AndroidManifest.xml:26:5-67
MERGED from [com.google.firebase:firebase-storage:20.1.0] AndroidManifest.xml:26:5-67
MERGED from [com.google.firebase:firebase-database:20.1.0] AndroidManifest.xml:25:5-67
MERGED from [com.google.firebase:firebase-database:20.1.0] AndroidManifest.xml:25:5-67
MERGED from [com.google.firebase:firebase-installations:17.1.2] AndroidManifest.xml:10:5-67
MERGED from [com.google.firebase:firebase-installations:17.1.2] AndroidManifest.xml:10:5-67
MERGED from [com.github.umair13adil:RxLogs:1.0.18] AndroidManifest.xml:10:5-67
MERGED from [com.github.umair13adil:RxLogs:1.0.18] AndroidManifest.xml:10:5-67
MERGED from [com.google.android.gms:play-services-cloud-messaging:17.0.1] AndroidManifest.xml:8:5-67
MERGED from [com.google.android.gms:play-services-cloud-messaging:17.0.1] AndroidManifest.xml:8:5-67
MERGED from [com.google.android.datatransport:transport-backend-cct:3.1.8] AndroidManifest.xml:25:5-67
MERGED from [com.google.android.datatransport:transport-backend-cct:3.1.8] AndroidManifest.xml:25:5-67
MERGED from [im.zego:zpns:2.2.0] AndroidManifest.xml:10:5-67
MERGED from [im.zego:zpns:2.2.0] AndroidManifest.xml:10:5-67
	android:name
		ADDED from src\main\AndroidManifest.xml:10:22-64
uses-permission#android.permission.ACCESS_NETWORK_STATE
ADDED from src\main\AndroidManifest.xml:11:5-79
MERGED from [:firebase_messaging] AndroidManifest.xml:9:5-79
MERGED from [:firebase_messaging] AndroidManifest.xml:9:5-79
MERGED from [:agora_rtm] AndroidManifest.xml:8:5-79
MERGED from [:agora_rtm] AndroidManifest.xml:8:5-79
MERGED from [:agora_rtc_engine] AndroidManifest.xml:13:5-79
MERGED from [:agora_rtc_engine] AndroidManifest.xml:13:5-79
MERGED from [:connectivity_plus] AndroidManifest.xml:7:5-79
MERGED from [:connectivity_plus] AndroidManifest.xml:7:5-79
MERGED from [com.google.firebase:firebase-iid:21.1.0] AndroidManifest.xml:22:5-79
MERGED from [com.google.firebase:firebase-iid:21.1.0] AndroidManifest.xml:22:5-79
MERGED from [com.google.firebase:firebase-auth:21.1.0] AndroidManifest.xml:24:5-79
MERGED from [com.google.firebase:firebase-auth:21.1.0] AndroidManifest.xml:24:5-79
MERGED from [com.google.firebase:firebase-firestore:24.4.3] AndroidManifest.xml:12:5-79
MERGED from [com.google.firebase:firebase-firestore:24.4.3] AndroidManifest.xml:12:5-79
MERGED from [com.google.firebase:firebase-messaging:23.1.1] AndroidManifest.xml:24:5-79
MERGED from [com.google.firebase:firebase-messaging:23.1.1] AndroidManifest.xml:24:5-79
MERGED from [com.google.firebase:firebase-storage:20.1.0] AndroidManifest.xml:25:5-79
MERGED from [com.google.firebase:firebase-storage:20.1.0] AndroidManifest.xml:25:5-79
MERGED from [com.google.firebase:firebase-database:20.1.0] AndroidManifest.xml:24:5-79
MERGED from [com.google.firebase:firebase-database:20.1.0] AndroidManifest.xml:24:5-79
MERGED from [com.google.firebase:firebase-installations:17.1.2] AndroidManifest.xml:9:5-79
MERGED from [com.google.firebase:firebase-installations:17.1.2] AndroidManifest.xml:9:5-79
MERGED from [com.github.umair13adil:RxLogs:1.0.18] AndroidManifest.xml:12:5-79
MERGED from [com.github.umair13adil:RxLogs:1.0.18] AndroidManifest.xml:12:5-79
MERGED from [androidx.work:work-runtime:2.7.1] AndroidManifest.xml:26:5-79
MERGED from [androidx.work:work-runtime:2.7.1] AndroidManifest.xml:26:5-79
MERGED from [com.google.android.gms:play-services-cloud-messaging:17.0.1] AndroidManifest.xml:7:5-79
MERGED from [com.google.android.gms:play-services-cloud-messaging:17.0.1] AndroidManifest.xml:7:5-79
MERGED from [com.google.android.datatransport:transport-backend-cct:3.1.8] AndroidManifest.xml:24:5-79
MERGED from [com.google.android.datatransport:transport-backend-cct:3.1.8] AndroidManifest.xml:24:5-79
MERGED from [com.google.android.datatransport:transport-runtime:3.1.8] AndroidManifest.xml:22:5-79
MERGED from [com.google.android.datatransport:transport-runtime:3.1.8] AndroidManifest.xml:22:5-79
MERGED from [io.grpc:grpc-android:1.50.2] AndroidManifest.xml:9:5-79
MERGED from [io.grpc:grpc-android:1.50.2] AndroidManifest.xml:9:5-79
MERGED from [im.zego:zpns:2.2.0] AndroidManifest.xml:11:5-79
MERGED from [im.zego:zpns:2.2.0] AndroidManifest.xml:11:5-79
	android:name
		ADDED from src\main\AndroidManifest.xml:11:22-76
uses-permission#android.permission.CAMERA
ADDED from src\main\AndroidManifest.xml:12:5-65
MERGED from [:agora_rtc_engine] AndroidManifest.xml:11:5-65
MERGED from [:agora_rtc_engine] AndroidManifest.xml:11:5-65
	android:name
		ADDED from src\main\AndroidManifest.xml:12:22-62
uses-permission#android.permission.MODIFY_AUDIO_SETTINGS
ADDED from src\main\AndroidManifest.xml:13:5-80
MERGED from [:agora_rtc_engine] AndroidManifest.xml:12:5-80
MERGED from [:agora_rtc_engine] AndroidManifest.xml:12:5-80
MERGED from [com.github.davidliu:audioswitch:c498d866c57f1d88056d5e7e7a78d622e3b0c046] AndroidManifest.xml:12:5-80
MERGED from [com.github.davidliu:audioswitch:c498d866c57f1d88056d5e7e7a78d622e3b0c046] AndroidManifest.xml:12:5-80
	android:name
		ADDED from src\main\AndroidManifest.xml:13:22-77
uses-permission#android.permission.WRITE_EXTERNAL_STORAGE
ADDED from src\main\AndroidManifest.xml:14:5-81
MERGED from [:agora_rtm] AndroidManifest.xml:9:5-81
MERGED from [:agora_rtm] AndroidManifest.xml:9:5-81
MERGED from [im.zego:zpns:2.2.0] AndroidManifest.xml:9:5-81
MERGED from [im.zego:zpns:2.2.0] AndroidManifest.xml:9:5-81
	android:name
		ADDED from src\main\AndroidManifest.xml:14:22-78
uses-permission#android.permission.READ_PHONE_STATE
ADDED from src\main\AndroidManifest.xml:15:5-75
MERGED from [:agora_rtc_engine] AndroidManifest.xml:8:5-75
MERGED from [:agora_rtc_engine] AndroidManifest.xml:8:5-75
MERGED from [com.github.umair13adil:RxLogs:1.0.18] AndroidManifest.xml:13:5-75
MERGED from [com.github.umair13adil:RxLogs:1.0.18] AndroidManifest.xml:13:5-75
MERGED from [im.zego:zpns:2.2.0] AndroidManifest.xml:13:5-75
MERGED from [im.zego:zpns:2.2.0] AndroidManifest.xml:13:5-75
	android:name
		ADDED from src\main\AndroidManifest.xml:15:22-72
uses-permission#android.permission.WAKE_LOCK
ADDED from src\main\AndroidManifest.xml:16:5-68
MERGED from [:firebase_messaging] AndroidManifest.xml:8:5-68
MERGED from [:firebase_messaging] AndroidManifest.xml:8:5-68
MERGED from [com.google.firebase:firebase-iid:21.1.0] AndroidManifest.xml:24:5-68
MERGED from [com.google.firebase:firebase-iid:21.1.0] AndroidManifest.xml:24:5-68
MERGED from [com.google.firebase:firebase-messaging:23.1.1] AndroidManifest.xml:26:5-68
MERGED from [com.google.firebase:firebase-messaging:23.1.1] AndroidManifest.xml:26:5-68
MERGED from [com.github.umair13adil:RxLogs:1.0.18] AndroidManifest.xml:11:5-68
MERGED from [com.github.umair13adil:RxLogs:1.0.18] AndroidManifest.xml:11:5-68
MERGED from [androidx.work:work-runtime:2.7.1] AndroidManifest.xml:25:5-68
MERGED from [androidx.work:work-runtime:2.7.1] AndroidManifest.xml:25:5-68
MERGED from [com.google.android.gms:play-services-cloud-messaging:17.0.1] AndroidManifest.xml:9:5-68
MERGED from [com.google.android.gms:play-services-cloud-messaging:17.0.1] AndroidManifest.xml:9:5-68
	android:name
		ADDED from src\main\AndroidManifest.xml:16:22-65
uses-permission#android.permission.VIBRATE
ADDED from src\main\AndroidManifest.xml:17:5-65
MERGED from [:awesome_notifications] AndroidManifest.xml:10:5-66
MERGED from [:awesome_notifications] AndroidManifest.xml:10:5-66
	android:name
		ADDED from src\main\AndroidManifest.xml:17:22-63
uses-permission#android.permission.BLUETOOTH
ADDED from src\main\AndroidManifest.xml:19:5-95
MERGED from [:agora_rtc_engine] AndroidManifest.xml:14:5-68
MERGED from [:agora_rtc_engine] AndroidManifest.xml:14:5-68
MERGED from [com.github.davidliu:audioswitch:c498d866c57f1d88056d5e7e7a78d622e3b0c046] AndroidManifest.xml:9:5-11:38
MERGED from [com.github.davidliu:audioswitch:c498d866c57f1d88056d5e7e7a78d622e3b0c046] AndroidManifest.xml:9:5-11:38
	android:maxSdkVersion
		ADDED from src\main\AndroidManifest.xml:19:66-92
	android:name
		ADDED from src\main\AndroidManifest.xml:19:22-65
uses-permission#android.permission.BLUETOOTH_ADMIN
ADDED from src\main\AndroidManifest.xml:20:5-101
	android:maxSdkVersion
		ADDED from src\main\AndroidManifest.xml:20:72-98
	android:name
		ADDED from src\main\AndroidManifest.xml:20:22-71
application
ADDED from src\main\AndroidManifest.xml:24:4-66:19
MERGED from [:firebase_database] AndroidManifest.xml:7:5-13:19
MERGED from [:firebase_database] AndroidManifest.xml:7:5-13:19
MERGED from [:firebase_messaging] AndroidManifest.xml:13:5-46:19
MERGED from [:firebase_messaging] AndroidManifest.xml:13:5-46:19
MERGED from [:cloud_firestore] AndroidManifest.xml:7:5-13:19
MERGED from [:cloud_firestore] AndroidManifest.xml:7:5-13:19
MERGED from [:firebase_auth] AndroidManifest.xml:7:5-13:19
MERGED from [:firebase_auth] AndroidManifest.xml:7:5-13:19
MERGED from [:firebase_storage] AndroidManifest.xml:7:5-13:19
MERGED from [:firebase_storage] AndroidManifest.xml:7:5-13:19
MERGED from [:firebase_core] AndroidManifest.xml:7:5-13:19
MERGED from [:firebase_core] AndroidManifest.xml:7:5-13:19
MERGED from [:geolocator_android] AndroidManifest.xml:9:5-15:19
MERGED from [:geolocator_android] AndroidManifest.xml:9:5-15:19
MERGED from [:image_picker] AndroidManifest.xml:7:5-17:19
MERGED from [:image_picker] AndroidManifest.xml:7:5-17:19
MERGED from [:zego_zpns] AndroidManifest.xml:9:5-18:19
MERGED from [:zego_zpns] AndroidManifest.xml:9:5-18:19
MERGED from [:awesome_notifications] AndroidManifest.xml:12:5-48:19
MERGED from [:awesome_notifications] AndroidManifest.xml:12:5-48:19
MERGED from [:url_launcher_android] AndroidManifest.xml:7:5-12:19
MERGED from [:url_launcher_android] AndroidManifest.xml:7:5-12:19
MERGED from [:zego_express_engine] AndroidManifest.xml:9:5-26:19
MERGED from [:zego_express_engine] AndroidManifest.xml:9:5-26:19
MERGED from [com.google.firebase:firebase-iid:21.1.0] AndroidManifest.xml:28:5-36:19
MERGED from [com.google.firebase:firebase-iid:21.1.0] AndroidManifest.xml:28:5-36:19
MERGED from [com.google.firebase:firebase-auth:21.1.0] AndroidManifest.xml:26:5-71:19
MERGED from [com.google.firebase:firebase-auth:21.1.0] AndroidManifest.xml:26:5-71:19
MERGED from [com.google.firebase:firebase-firestore:24.4.3] AndroidManifest.xml:15:5-23:19
MERGED from [com.google.firebase:firebase-firestore:24.4.3] AndroidManifest.xml:15:5-23:19
MERGED from [com.google.firebase:firebase-messaging:23.1.1] AndroidManifest.xml:30:5-59:19
MERGED from [com.google.firebase:firebase-messaging:23.1.1] AndroidManifest.xml:30:5-59:19
MERGED from [com.google.firebase:firebase-storage:20.1.0] AndroidManifest.xml:28:5-36:19
MERGED from [com.google.firebase:firebase-storage:20.1.0] AndroidManifest.xml:28:5-36:19
MERGED from [com.google.firebase:firebase-database:20.1.0] AndroidManifest.xml:27:5-35:19
MERGED from [com.google.firebase:firebase-database:20.1.0] AndroidManifest.xml:27:5-35:19
MERGED from [com.google.firebase:firebase-installations:17.1.2] AndroidManifest.xml:13:5-21:19
MERGED from [com.google.firebase:firebase-installations:17.1.2] AndroidManifest.xml:13:5-21:19
MERGED from [com.google.firebase:firebase-auth-interop:20.0.0] AndroidManifest.xml:7:5-8:19
MERGED from [com.google.firebase:firebase-auth-interop:20.0.0] AndroidManifest.xml:7:5-8:19
MERGED from [com.google.firebase:firebase-appcheck-interop:16.1.0] AndroidManifest.xml:23:5-20
MERGED from [com.google.firebase:firebase-appcheck-interop:16.1.0] AndroidManifest.xml:23:5-20
MERGED from [com.google.firebase:firebase-datatransport:18.1.7] AndroidManifest.xml:23:5-31:19
MERGED from [com.google.firebase:firebase-datatransport:18.1.7] AndroidManifest.xml:23:5-31:19
MERGED from [com.google.firebase:firebase-common:20.3.0] AndroidManifest.xml:24:5-37:19
MERGED from [com.google.firebase:firebase-common:20.3.0] AndroidManifest.xml:24:5-37:19
MERGED from [com.github.umair13adil:RxLogs:1.0.18] AndroidManifest.xml:15:5-19:19
MERGED from [com.github.umair13adil:RxLogs:1.0.18] AndroidManifest.xml:15:5-19:19
MERGED from [me.carda:androidcore:0.7.7] AndroidManifest.xml:9:5-16:19
MERGED from [me.carda:androidcore:0.7.7] AndroidManifest.xml:9:5-16:19
MERGED from [com.google.android.gms:play-services-location:20.0.0] AndroidManifest.xml:7:5-20
MERGED from [com.google.android.gms:play-services-location:20.0.0] AndroidManifest.xml:7:5-20
MERGED from [com.google.android.gms:play-services-auth:20.0.1] AndroidManifest.xml:22:5-38:19
MERGED from [com.google.android.gms:play-services-auth:20.0.1] AndroidManifest.xml:22:5-38:19
MERGED from [com.google.android.gms:play-services-safetynet:17.0.0] AndroidManifest.xml:22:5-20
MERGED from [com.google.android.gms:play-services-safetynet:17.0.0] AndroidManifest.xml:22:5-20
MERGED from [com.google.android.gms:play-services-base:18.0.1] AndroidManifest.xml:19:5-23:19
MERGED from [com.google.android.gms:play-services-base:18.0.1] AndroidManifest.xml:19:5-23:19
MERGED from [androidx.work:work-runtime:2.7.1] AndroidManifest.xml:30:5-143:19
MERGED from [androidx.work:work-runtime:2.7.1] AndroidManifest.xml:30:5-143:19
MERGED from [com.google.android.gms:play-services-stats:17.0.2] AndroidManifest.xml:7:5-20
MERGED from [com.google.android.gms:play-services-stats:17.0.2] AndroidManifest.xml:7:5-20
MERGED from [com.google.firebase:firebase-iid-interop:17.1.0] AndroidManifest.xml:7:5-8:19
MERGED from [com.google.firebase:firebase-iid-interop:17.1.0] AndroidManifest.xml:7:5-8:19
MERGED from [com.google.firebase:firebase-measurement-connector:19.0.0] AndroidManifest.xml:22:5-23:19
MERGED from [com.google.firebase:firebase-measurement-connector:19.0.0] AndroidManifest.xml:22:5-23:19
MERGED from [com.google.android.gms:play-services-tasks:18.0.2] AndroidManifest.xml:5:5-20
MERGED from [com.google.android.gms:play-services-tasks:18.0.2] AndroidManifest.xml:5:5-20
MERGED from [com.google.android.gms:play-services-basement:18.1.0] AndroidManifest.xml:20:5-24:19
MERGED from [com.google.android.gms:play-services-basement:18.1.0] AndroidManifest.xml:20:5-24:19
MERGED from [androidx.window:window:1.0.0-beta04] AndroidManifest.xml:24:5-31:19
MERGED from [androidx.window:window:1.0.0-beta04] AndroidManifest.xml:24:5-31:19
MERGED from [androidx.emoji2:emoji2:1.2.0] AndroidManifest.xml:23:5-33:19
MERGED from [androidx.emoji2:emoji2:1.2.0] AndroidManifest.xml:23:5-33:19
MERGED from [androidx.core:core:1.9.0] AndroidManifest.xml:28:5-89
MERGED from [androidx.core:core:1.9.0] AndroidManifest.xml:28:5-89
MERGED from [androidx.lifecycle:lifecycle-process:2.5.1] AndroidManifest.xml:25:5-35:19
MERGED from [androidx.lifecycle:lifecycle-process:2.5.1] AndroidManifest.xml:25:5-35:19
MERGED from [androidx.startup:startup-runtime:1.1.1] AndroidManifest.xml:25:5-31:19
MERGED from [androidx.startup:startup-runtime:1.1.1] AndroidManifest.xml:25:5-31:19
MERGED from [com.google.android.datatransport:transport-backend-cct:3.1.8] AndroidManifest.xml:27:5-35:19
MERGED from [com.google.android.datatransport:transport-backend-cct:3.1.8] AndroidManifest.xml:27:5-35:19
MERGED from [com.google.android.datatransport:transport-runtime:3.1.8] AndroidManifest.xml:25:5-39:19
MERGED from [com.google.android.datatransport:transport-runtime:3.1.8] AndroidManifest.xml:25:5-39:19
MERGED from [androidx.versionedparcelable:versionedparcelable:1.1.1] AndroidManifest.xml:24:5-25:19
MERGED from [androidx.versionedparcelable:versionedparcelable:1.1.1] AndroidManifest.xml:24:5-25:19
MERGED from [androidx.room:room-runtime:2.2.5] AndroidManifest.xml:24:5-29:19
MERGED from [androidx.room:room-runtime:2.2.5] AndroidManifest.xml:24:5-29:19
MERGED from [im.zego:zpns:2.2.0] AndroidManifest.xml:24:5-142:19
MERGED from [im.zego:zpns:2.2.0] AndroidManifest.xml:24:5-142:19
MERGED from [io.agora.rtc:full-screen-sharing:4.1.0-1] AndroidManifest.xml:9:5-19:19
MERGED from [io.agora.rtc:full-screen-sharing:4.1.0-1] AndroidManifest.xml:9:5-19:19
	android:appComponentFactory
		ADDED from [androidx.core:core:1.9.0] AndroidManifest.xml:28:18-86
	android:label
		ADDED from src\main\AndroidManifest.xml:25:9-36
	android:icon
		ADDED from src\main\AndroidManifest.xml:26:9-43
activity#com.rozu.agroassist.agro_assist.MainActivity
ADDED from src\main\AndroidManifest.xml:27:9-60:20
	android:launchMode
		ADDED from src\main\AndroidManifest.xml:29:13-43
	android:hardwareAccelerated
		ADDED from src\main\AndroidManifest.xml:32:13-47
	android:windowSoftInputMode
		ADDED from src\main\AndroidManifest.xml:33:13-55
	android:configChanges
		ADDED from src\main\AndroidManifest.xml:31:13-163
	android:theme
		ADDED from src\main\AndroidManifest.xml:30:13-47
	android:name